<?xml version="1.0" encoding="UTF-8"?>
<!-- Generated by org.testng.reporters.JUnitXMLReporter -->
<testsuite ignored="1" hostname="RajKawale7" failures="0" tests="1" name="Default test" time="20.037" errors="0" timestamp="2022-09-10T00:41:42 IST">
  <testcase classname="com.selenium.testing.RobotClasses" name="UseOfKeyboard" time="20.008"/>
  <testcase classname="com.selenium.testing.RobotClasses" name="UseOfMouse" time="0.0">
    <ignored/>
  </testcase> <!-- UseOfMouse -->
</testsuite> <!-- Default test -->
